<?xml version="1.0" encoding="UTF-8"?>
<testng-results ignored="0" total="1" passed="1" failed="0" skipped="0">
  <reporter-output>
  </reporter-output>
  <suite started-at="2024-02-05T12:12:16 IST" name="Default suite" finished-at="2024-02-05T12:12:26 IST" duration-ms="9561">
    <groups>
    </groups>
    <test started-at="2024-02-05T12:12:16 IST" name="Default test" finished-at="2024-02-05T12:12:26 IST" duration-ms="9561">
      <class name="com.qa.packages.TC_Login">
        <test-method is-config="true" signature="start()[pri:0, instance:com.qa.packages.TC_Login@72cc7e6f]" started-at="2024-02-05T12:12:04 IST" name="start" finished-at="2024-02-05T12:12:16 IST" duration-ms="12205" status="PASS">
          <reporter-output>
          </reporter-output>
        </test-method> <!-- start -->
        <test-method signature="usern()[pri:0, instance:com.qa.packages.TC_Login@72cc7e6f]" started-at="2024-02-05T12:12:16 IST" name="usern" finished-at="2024-02-05T12:12:26 IST" duration-ms="9521" status="PASS">
          <reporter-output>
          </reporter-output>
        </test-method> <!-- usern -->
        <test-method is-config="true" signature="teardown()[pri:0, instance:com.qa.packages.TC_Login@72cc7e6f]" started-at="2024-02-05T12:12:26 IST" name="teardown" finished-at="2024-02-05T12:12:27 IST" duration-ms="657" status="PASS">
          <reporter-output>
          </reporter-output>
        </test-method> <!-- teardown -->
      </class> <!-- com.qa.packages.TC_Login -->
    </test> <!-- Default test -->
  </suite> <!-- Default suite -->
</testng-results>
