<?xml version="1.0" encoding="UTF-8"?>
<!-- Generated by org.testng.reporters.JUnitXMLReporter -->
<testsuite ignored="2" hostname="CFLNAVALUR4721" failures="1" tests="2" name="Test" time="9.494" errors="0" timestamp="2024-01-30T12:47:17 IST">
  <testcase classname="com.qa.packages.TC_Login" name="usern" time="9.44"/>
  <testcase classname="com.qa.packages.TC_Negativelogin" name="negative" time="0.002">
    <failure type="java.lang.NullPointerException" message="Cannot invoke &amp;quot;org.openqa.selenium.WebDriver.findElement(org.openqa.selenium.By)&amp;quot; because &amp;quot;this.driver&amp;quot; is null">
      <![CDATA[java.lang.NullPointerException: Cannot invoke "org.openqa.selenium.WebDriver.findElement(org.openqa.selenium.By)" because "this.driver" is null
at com.qa.demopages.Negativelogin.user(Negativelogin.java:16)
at com.qa.packages.TC_Negativelogin.negative(TC_Negativelogin.java:15)
at java.base/java.util.ArrayList.forEach(ArrayList.java:1511)
... Removed 27 stack frames]]>
    </failure>
  </testcase> <!-- negative -->
  <testcase classname="com.qa.packages.Baseclass" name="@BeforeSuite start" time="0.0">
    <ignored/>
  </testcase> <!-- @BeforeSuite start -->
  <testcase classname="com.qa.packages.Baseclass" name="@AfterSuite teardown" time="0.0">
    <ignored/>
  </testcase> <!-- @AfterSuite teardown -->
</testsuite> <!-- Test -->
